<?xml version="1.0" encoding="UTF-8"?>
<!-- Generated by org.testng.reporters.JUnitReportReporter -->
<testsuite hostname="TOLLAP00078" name="Tolexo.AppiumAndroid.MyAccountTest" tests="1" failures="0" timestamp="22 Aug 2016 09:34:25 GMT" time="39.206" errors="0">
  <testcase name="navigateMyProfilePage" time="39.206" classname="Tolexo.AppiumAndroid.MyAccountTest"/>
</testsuite> <!-- Tolexo.AppiumAndroid.MyAccountTest -->
