<?xml version="1.0" encoding="UTF-8"?>
<!-- Generated by org.testng.reporters.JUnitReportReporter -->
<testsuite hostname="TOLLAP00078" name="Tolexo.AppiumAndroid.CategoriesListTest" tests="1" failures="0" timestamp="6 Aug 2016 09:29:03 GMT" time="33.965" errors="0">
  <testcase name="navigateToCategory" time="33.965" classname="Tolexo.AppiumAndroid.CategoriesListTest"/>
</testsuite> <!-- Tolexo.AppiumAndroid.CategoriesListTest -->
