<?xml version="1.0" encoding="UTF-8"?>
<!-- Generated by org.testng.reporters.JUnitReportReporter -->
<testsuite hostname="TOLLAP00078" name="Tolexo.AppiumAndroid.HomeTest" tests="1" failures="0" timestamp="22 Aug 2016 08:52:58 GMT" time="41.393" errors="0">
  <testcase name="navigateMyAccount" time="41.393" classname="Tolexo.AppiumAndroid.HomeTest"/>
</testsuite> <!-- Tolexo.AppiumAndroid.HomeTest -->
