<?xml version="1.0" encoding="UTF-8"?>
<!-- Generated by org.testng.reporters.JUnitReportReporter -->
<testsuite hostname="TOLLAP00078" name="Tolexo.AppiumAndroid.SearchTest" tests="1" failures="0" timestamp="19 Aug 2016 08:04:45 GMT" time="24.150" errors="0">
  <testcase name="searchFunctionality" time="24.150" classname="Tolexo.AppiumAndroid.SearchTest"/>
</testsuite> <!-- Tolexo.AppiumAndroid.SearchTest -->
