<?xml version="1.0" encoding="UTF-8"?>
<!-- Generated by org.testng.reporters.JUnitReportReporter -->
<testsuite hostname="TOLLAP00078" name="Tolexo.AppiumAndroid.LoginTest" tests="1" failures="0" timestamp="11 Aug 2016 06:15:24 GMT" time="57.209" errors="0">
  <testcase name="sprint1_userSignUp" time="57.209" classname="Tolexo.AppiumAndroid.LoginTest"/>
</testsuite> <!-- Tolexo.AppiumAndroid.LoginTest -->
