<?xml version="1.0" encoding="UTF-8"?>
<!-- Generated by org.testng.reporters.JUnitReportReporter -->
<testsuite hostname="TOLLAP00078" name="Tolexo.AppiumAndroid.LoginTest" tests="1" failures="0" timestamp="9 Aug 2016 07:28:08 GMT" time="66.083" errors="0">
  <testcase name="sprint1_userSignUp" time="66.083" classname="Tolexo.AppiumAndroid.LoginTest"/>
</testsuite> <!-- Tolexo.AppiumAndroid.LoginTest -->
