<?xml version="1.0" encoding="UTF-8"?>
<!-- Generated by org.testng.reporters.JUnitReportReporter -->
<testsuite hostname="TOLLAP00078" name="Tolexo.AppiumAndroid.ProductTest" tests="1" failures="0" timestamp="8 Aug 2016 09:32:19 GMT" time="40.640" errors="0">
  <testcase name="navigateToCart" time="40.640" classname="Tolexo.AppiumAndroid.ProductTest"/>
</testsuite> <!-- Tolexo.AppiumAndroid.ProductTest -->
