<?xml version="1.0" encoding="UTF-8"?>
<!-- Generated by org.testng.reporters.JUnitReportReporter -->
<testsuite hostname="TOLLAP00078" name="Tolexo.AppiumAndroid.CategoriesListTest" tests="1" failures="0" timestamp="8 Aug 2016 07:14:54 GMT" time="35.181" errors="0">
  <testcase name="navigateToCategory" time="35.181" classname="Tolexo.AppiumAndroid.CategoriesListTest"/>
</testsuite> <!-- Tolexo.AppiumAndroid.CategoriesListTest -->
