<?xml version="1.0" encoding="UTF-8"?>
<!-- Generated by org.testng.reporters.JUnitReportReporter -->
<testsuite hostname="TOLLAP00078" name="Tolexo.AppiumAndroid.SearchTest" tests="1" failures="0" timestamp="22 Aug 2016 05:19:46 GMT" time="26.893" errors="0">
  <testcase name="searchFunctionality" time="26.893" classname="Tolexo.AppiumAndroid.SearchTest"/>
</testsuite> <!-- Tolexo.AppiumAndroid.SearchTest -->
