<?xml version="1.0" encoding="UTF-8"?>
<!-- Generated by org.testng.reporters.JUnitReportReporter -->
<testsuite hostname="TOLLAP00078" name="Tolexo.AppiumAndroid.CartTest" tests="1" failures="0" timestamp="16 Aug 2016 10:40:02 GMT" time="60.179" errors="0">
  <testcase name="navigateCheckoutPage" time="60.179" classname="Tolexo.AppiumAndroid.CartTest"/>
</testsuite> <!-- Tolexo.AppiumAndroid.CartTest -->
