<?xml version="1.0" encoding="UTF-8"?>
<!-- Generated by org.testng.reporters.JUnitReportReporter -->
<testsuite hostname="TOLLAP00078" name="Tolexo.AppiumAndroid.HomeTest" tests="6" failures="0" timestamp="19 Aug 2016 09:42:30 GMT" time="127.303" errors="0">
  <testcase name="moreLink" time="31.035" classname="Tolexo.AppiumAndroid.HomeTest"/>
  <testcase name="hotDeals" time="25.208" classname="Tolexo.AppiumAndroid.HomeTest"/>
  <testcase name="allLinks" time="2.328" classname="Tolexo.AppiumAndroid.HomeTest"/>
  <testcase name="categoriesLabel" time="17.885" classname="Tolexo.AppiumAndroid.HomeTest"/>
  <testcase name="viewAllCategoriesList" time="25.857" classname="Tolexo.AppiumAndroid.HomeTest"/>
  <testcase name="search" time="24.990" classname="Tolexo.AppiumAndroid.HomeTest"/>
</testsuite> <!-- Tolexo.AppiumAndroid.HomeTest -->
