<?xml version="1.0" encoding="UTF-8"?>
<!-- Generated by org.testng.reporters.JUnitReportReporter -->
<testsuite hostname="TOLLAP00078" name="Tolexo.AppiumAndroid.HomeTest" tests="1" failures="0" timestamp="16 Aug 2016 05:56:18 GMT" time="92.462" errors="0">
  <testcase name="sprint1_HotDeals" time="92.462" classname="Tolexo.AppiumAndroid.HomeTest"/>
</testsuite> <!-- Tolexo.AppiumAndroid.HomeTest -->
