<?xml version="1.0" encoding="UTF-8"?>
<!-- Generated by org.testng.reporters.JUnitReportReporter -->
<testsuite hostname="TOLLAP00078" name="Tolexo.AppiumAndroid.HomeTest" tests="1" failures="0" timestamp="11 Aug 2016 06:46:50 GMT" time="82.689" errors="0">
  <testcase name="sprint1_HotDeals" time="82.689" classname="Tolexo.AppiumAndroid.HomeTest"/>
</testsuite> <!-- Tolexo.AppiumAndroid.HomeTest -->
