<?xml version="1.0" encoding="UTF-8"?>
<!-- Generated by org.testng.reporters.JUnitReportReporter -->
<testsuite hostname="TOLLAP00078" name="Tolexo.AppiumAndroid.HomeTest" tests="1" failures="0" timestamp="10 Aug 2016 12:55:51 GMT" time="41.937" errors="0">
  <testcase name="sprint1_HotDeals" time="41.937" classname="Tolexo.AppiumAndroid.HomeTest"/>
</testsuite> <!-- Tolexo.AppiumAndroid.HomeTest -->
