<?xml version="1.0" encoding="UTF-8"?>
<!-- Generated by org.testng.reporters.JUnitReportReporter -->
<testsuite hostname="TOLLAP00078" name="Tolexo.AppiumAndroid.MyProfileTest" tests="1" failures="0" timestamp="22 Aug 2016 10:53:25 GMT" time="44.170" errors="0">
  <testcase name="optionsMyProfile" time="44.170" classname="Tolexo.AppiumAndroid.MyProfileTest"/>
</testsuite> <!-- Tolexo.AppiumAndroid.MyProfileTest -->
