<?xml version="1.0" encoding="UTF-8"?>
<!-- Generated by org.testng.reporters.JUnitReportReporter -->
<testsuite hostname="TOLLAP00078" name="Tolexo.AppiumAndroid.MyOrdersTest" tests="1" failures="0" timestamp="22 Aug 2016 11:52:23 GMT" time="57.436" errors="0">
  <testcase name="tabsPresent" time="57.436" classname="Tolexo.AppiumAndroid.MyOrdersTest"/>
</testsuite> <!-- Tolexo.AppiumAndroid.MyOrdersTest -->
